<?xml version="1.0" encoding="UTF-8"?>
<!-- Generated by org.testng.reporters.JUnitXMLReporter -->
<testsuite ignored="3" hostname="MacBook-Pro.local" failures="0" tests="3" name="Smoke Test" time="30.994" errors="0" timestamp="2022-06-09T17:31:18 MDT">
  <testcase classname="com.qa.testcases.LoginTest" name="emptyPasswordLogin" time="4.392"/>
  <testcase classname="com.qa.testcases.LoginTest" name="invalidPasswordLogin" time="6.712"/>
  <testcase classname="com.qa.testcases.LoginTest" name="validLogin" time="6.942"/>
  <testcase classname="com.qa.testbase.BaseClass" name="@BeforeTest generateReport" time="0.0">
    <ignored/>
  </testcase> <!-- @BeforeTest generateReport -->
  <testcase classname="com.qa.testbase.BaseClass" name="@AfterTest writeReport" time="0.0">
    <ignored/>
  </testcase> <!-- @AfterTest writeReport -->
  <testcase classname="com.qa.testcases.AddEmployeeTest" name="addEmployee" time="0.0">
    <ignored/>
  </testcase> <!-- addEmployee -->
</testsuite> <!-- Smoke Test -->
