<?xml version="1.0" encoding="UTF-8"?>
<!-- Generated by org.testng.reporters.JUnitXMLReporter -->
<testsuite ignored="0" hostname="Jacks-MacBook-Pro.local" failures="0" tests="3" name="Regression Test" time="29.994" errors="0" timestamp="2022-06-07T19:23:28 MDT">
  <testcase classname="com.neotech.testcases.LoginTest" name="emptyPasswordLogin" time="4.386"/>
  <testcase classname="com.neotech.testcases.LoginTest" name="invalidPasswordLogin" time="6.689"/>
  <testcase classname="com.neotech.testcases.LoginTest" name="validLogin" time="8.598"/>
</testsuite> <!-- Regression Test -->
