<?xml version="1.0" encoding="UTF-8"?>
<!-- Generated by org.testng.reporters.JUnitXMLReporter -->
<testsuite ignored="0" hostname="Jacks-MacBook-Pro.local" failures="1" tests="1" name="addEmp" time="1.013" errors="0" timestamp="2022-06-09T13:37:48 MDT">
  <testcase classname="com.neotech.testcases.AddEmployeeTest" name="addEmployee" time="0.551">
    <failure type="org.testng.internal.reflect.MethodMatcherException" message="
[public void com.neotech.testcases.AddEmployeeTest.addEmployee(java.lang.String,java.lang.String,java.lang.String,java.lang.String)] has no parameters defined but was found to be using a data provider (either explicitly specified or inherited from class level annotation).
Data provider mismatch
Method: addEmployee([java.lang.String arg0, java.lang.String arg1, java.lang.String arg2, java.lang.String arg3])
Arguments: [(java.lang.String) Johnny,(java.lang.String) Smith,(java.lang.String) John202231,(java.lang.String) Secret@123,(java.lang.String) ]">
      <![CDATA[org.testng.internal.reflect.MethodMatcherException: 
[public void com.neotech.testcases.AddEmployeeTest.addEmployee(java.lang.String,java.lang.String,java.lang.String,java.lang.String)] has no parameters defined but was found to be using a data provider (either explicitly specified or inherited from class level annotation).
Data provider mismatch
Method: addEmployee([java.lang.String arg0, java.lang.String arg1, java.lang.String arg2, java.lang.String arg3])
Arguments: [(java.lang.String) Johnny,(java.lang.String) Smith,(java.lang.String) John202231,(java.lang.String) Secret@123,(java.lang.String) ]
at java.base/java.util.ArrayList.forEach(ArrayList.java:1511)
... Removed 22 stack frames]]>
    </failure>
  </testcase> <!-- addEmployee -->
</testsuite> <!-- addEmp -->
