<?xml version="1.0" encoding="UTF-8"?>
<testng-results ignored="0" total="2" passed="2" failed="0" skipped="0">
  <reporter-output>
  </reporter-output>
  <suite started-at="2022-06-12T14:01:11 MDT" name="Default suite" finished-at="2022-06-12T14:01:11 MDT" duration-ms="60">
    <groups>
    </groups>
    <test started-at="2022-06-12T14:01:11 MDT" name="Default test" finished-at="2022-06-12T14:01:11 MDT" duration-ms="60">
      <class name="com.neotech.testcases.ClassB">
        <test-method is-config="true" signature="beforeTestParent()[pri:0, instance:com.neotech.testcases.ClassB@7526515b]" started-at="2022-06-12T14:01:11 MDT" name="beforeTestParent" finished-at="2022-06-12T14:01:11 MDT" duration-ms="10" status="PASS">
          <reporter-output>
          </reporter-output>
        </test-method> <!-- beforeTestParent -->
        <test-method is-config="true" signature="beforeTestChild()[pri:0, instance:com.neotech.testcases.ClassB@7526515b]" started-at="2022-06-12T14:01:11 MDT" name="beforeTestChild" finished-at="2022-06-12T14:01:11 MDT" depends-on-methods="com.neotech.testcases.ClassA.beforeTestParent" duration-ms="0" status="PASS">
          <reporter-output>
          </reporter-output>
        </test-method> <!-- beforeTestChild -->
        <test-method is-config="true" signature="beforeClassParent()[pri:0, instance:com.neotech.testcases.ClassB@7526515b]" started-at="2022-06-12T14:01:11 MDT" name="beforeClassParent" finished-at="2022-06-12T14:01:11 MDT" duration-ms="0" status="PASS">
          <reporter-output>
          </reporter-output>
        </test-method> <!-- beforeClassParent -->
        <test-method is-config="true" signature="beforeClassChild()[pri:0, instance:com.neotech.testcases.ClassB@7526515b]" started-at="2022-06-12T14:01:11 MDT" name="beforeClassChild" finished-at="2022-06-12T14:01:11 MDT" duration-ms="0" status="PASS">
          <reporter-output>
          </reporter-output>
        </test-method> <!-- beforeClassChild -->
        <test-method is-config="true" signature="beforeMethodParent()[pri:0, instance:com.neotech.testcases.ClassB@7526515b]" started-at="2022-06-12T14:01:11 MDT" name="beforeMethodParent" finished-at="2022-06-12T14:01:11 MDT" duration-ms="0" status="PASS">
          <reporter-output>
          </reporter-output>
        </test-method> <!-- beforeMethodParent -->
        <test-method signature="testA()[pri:0, instance:com.neotech.testcases.ClassB@7526515b]" started-at="2022-06-12T14:01:11 MDT" name="testA" finished-at="2022-06-12T14:01:11 MDT" duration-ms="5" status="PASS">
          <reporter-output>
          </reporter-output>
        </test-method> <!-- testA -->
        <test-method is-config="true" signature="beforeMethodChild()[pri:0, instance:com.neotech.testcases.ClassB@7526515b]" started-at="2022-06-12T14:01:11 MDT" name="beforeMethodChild" finished-at="2022-06-12T14:01:11 MDT" duration-ms="0" status="PASS">
          <reporter-output>
          </reporter-output>
        </test-method> <!-- beforeMethodChild -->
        <test-method is-config="true" signature="afterMethodChild()[pri:0, instance:com.neotech.testcases.ClassB@7526515b]" started-at="2022-06-12T14:01:11 MDT" name="afterMethodChild" finished-at="2022-06-12T14:01:11 MDT" duration-ms="0" status="PASS">
          <reporter-output>
          </reporter-output>
        </test-method> <!-- afterMethodChild -->
        <test-method is-config="true" signature="afterMethodParent()[pri:0, instance:com.neotech.testcases.ClassB@7526515b]" started-at="2022-06-12T14:01:11 MDT" name="afterMethodParent" finished-at="2022-06-12T14:01:11 MDT" duration-ms="1" status="PASS">
          <reporter-output>
          </reporter-output>
        </test-method> <!-- afterMethodParent -->
        <test-method signature="testB()[pri:0, instance:com.neotech.testcases.ClassB@7526515b]" started-at="2022-06-12T14:01:11 MDT" name="testB" finished-at="2022-06-12T14:01:11 MDT" duration-ms="1" status="PASS">
          <reporter-output>
          </reporter-output>
        </test-method> <!-- testB -->
        <test-method is-config="true" signature="beforeMethodParent()[pri:0, instance:com.neotech.testcases.ClassB@7526515b]" started-at="2022-06-12T14:01:11 MDT" name="beforeMethodParent" finished-at="2022-06-12T14:01:11 MDT" duration-ms="0" status="PASS">
          <reporter-output>
          </reporter-output>
        </test-method> <!-- beforeMethodParent -->
        <test-method is-config="true" signature="beforeMethodChild()[pri:0, instance:com.neotech.testcases.ClassB@7526515b]" started-at="2022-06-12T14:01:11 MDT" name="beforeMethodChild" finished-at="2022-06-12T14:01:11 MDT" duration-ms="0" status="PASS">
          <reporter-output>
          </reporter-output>
        </test-method> <!-- beforeMethodChild -->
        <test-method is-config="true" signature="afterMethodChild()[pri:0, instance:com.neotech.testcases.ClassB@7526515b]" started-at="2022-06-12T14:01:11 MDT" name="afterMethodChild" finished-at="2022-06-12T14:01:11 MDT" duration-ms="0" status="PASS">
          <reporter-output>
          </reporter-output>
        </test-method> <!-- afterMethodChild -->
        <test-method is-config="true" signature="afterMethodParent()[pri:0, instance:com.neotech.testcases.ClassB@7526515b]" started-at="2022-06-12T14:01:11 MDT" name="afterMethodParent" finished-at="2022-06-12T14:01:11 MDT" duration-ms="1" status="PASS">
          <reporter-output>
          </reporter-output>
        </test-method> <!-- afterMethodParent -->
        <test-method is-config="true" signature="afterClassChild()[pri:0, instance:com.neotech.testcases.ClassB@7526515b]" started-at="2022-06-12T14:01:11 MDT" name="afterClassChild" finished-at="2022-06-12T14:01:11 MDT" duration-ms="0" status="PASS">
          <reporter-output>
          </reporter-output>
        </test-method> <!-- afterClassChild -->
        <test-method is-config="true" signature="afterClassParent()[pri:0, instance:com.neotech.testcases.ClassB@7526515b]" started-at="2022-06-12T14:01:11 MDT" name="afterClassParent" finished-at="2022-06-12T14:01:11 MDT" duration-ms="0" status="PASS">
          <reporter-output>
          </reporter-output>
        </test-method> <!-- afterClassParent -->
        <test-method is-config="true" signature="afterTestParent()[pri:0, instance:com.neotech.testcases.ClassB@7526515b]" started-at="2022-06-12T14:01:11 MDT" name="afterTestParent" finished-at="2022-06-12T14:01:11 MDT" depends-on-methods="com.neotech.testcases.ClassB.afterTestChild" duration-ms="1" status="PASS">
          <reporter-output>
          </reporter-output>
        </test-method> <!-- afterTestParent -->
        <test-method is-config="true" signature="afterTestChild()[pri:0, instance:com.neotech.testcases.ClassB@7526515b]" started-at="2022-06-12T14:01:11 MDT" name="afterTestChild" finished-at="2022-06-12T14:01:11 MDT" duration-ms="0" status="PASS">
          <reporter-output>
          </reporter-output>
        </test-method> <!-- afterTestChild -->
      </class> <!-- com.neotech.testcases.ClassB -->
    </test> <!-- Default test -->
  </suite> <!-- Default suite -->
</testng-results>
