<?xml version="1.0" encoding="UTF-8"?>
<!-- Generated by org.testng.reporters.JUnitXMLReporter -->
<testsuite ignored="5" hostname="MacBook-Pro.local" failures="0" tests="0" name="AddEmployee Test" time="4.932" errors="0" timestamp="2022-06-09T20:26:11 MDT">
  <testcase classname="com.neotech.testbase.BaseClass" name="@BeforeTest generateReport" time="0.0">
    <ignored/>
  </testcase> <!-- @BeforeTest generateReport -->
  <testcase classname="com.neotech.testcases.LoginTest" name="emptyPasswordLogin" time="0.0">
    <ignored/>
  </testcase> <!-- emptyPasswordLogin -->
  <testcase classname="com.neotech.testbase.BaseClass" name="@AfterTest writeReport" time="0.0">
    <ignored/>
  </testcase> <!-- @AfterTest writeReport -->
  <testcase classname="com.neotech.testcases.LoginTest" name="invalidPasswordLogin" time="0.0">
    <ignored/>
  </testcase> <!-- invalidPasswordLogin -->
  <testcase classname="com.neotech.testcases.LoginTest" name="validLogin" time="0.0">
    <ignored/>
  </testcase> <!-- validLogin -->
</testsuite> <!-- AddEmployee Test -->
