<?xml version="1.0" encoding="UTF-8"?>
<!-- Generated by org.testng.reporters.JUnitXMLReporter -->
<testsuite ignored="14" hostname="Semas-MacBook-Pro.local" failures="0" tests="0" name="AddEmployee Test" time="0.844" errors="0" timestamp="2023-11-13T14:36:53 EST">
  <testcase classname="com.qa.testcases.Annotations" name="test2" time="0.0">
    <ignored/>
  </testcase> <!-- test2 -->
  <testcase classname="com.qa.testcases.LoginTest" name="validLogin" time="0.0">
    <ignored/>
  </testcase> <!-- validLogin -->
  <testcase classname="com.qa.testcases.ClassA" name="testA" time="0.0">
    <ignored/>
  </testcase> <!-- testA -->
  <testcase classname="com.qa.testcases.ClassB" name="testB" time="0.0">
    <ignored/>
  </testcase> <!-- testB -->
  <testcase classname="com.qa.testcases.DataProviderDemo" name="printInformation" time="0.0">
    <ignored/>
  </testcase> <!-- printInformation -->
  <testcase classname="com.qa.testcases.GroupsDemo" name="test1" time="0.0">
    <ignored/>
  </testcase> <!-- test1 -->
  <testcase classname="com.qa.testcases.AssertionDemo" name="test1" time="0.0">
    <ignored/>
  </testcase> <!-- test1 -->
  <testcase classname="com.qa.testbase.BaseClass" name="@BeforeTest generateReport" time="0.0">
    <ignored/>
  </testcase> <!-- @BeforeTest generateReport -->
  <testcase classname="com.qa.testbase.BaseClass" name="@AfterTest writeReport" time="0.0">
    <ignored/>
  </testcase> <!-- @AfterTest writeReport -->
  <testcase classname="com.qa.testcases.Annotations" name="test1" time="0.0">
    <ignored/>
  </testcase> <!-- test1 -->
  <testcase classname="com.qa.testcases.GroupsDemo" name="test2" time="0.0">
    <ignored/>
  </testcase> <!-- test2 -->
  <testcase classname="com.qa.testcases.ClassA" name="testA" time="0.0">
    <ignored/>
  </testcase> <!-- testA -->
  <testcase classname="com.qa.testcases.LoginTest" name="emptyPasswordLogin" time="0.0">
    <ignored/>
  </testcase> <!-- emptyPasswordLogin -->
  <testcase classname="com.qa.testcases.LoginTest" name="invalidPasswordLogin" time="0.0">
    <ignored/>
  </testcase> <!-- invalidPasswordLogin -->
</testsuite> <!-- AddEmployee Test -->
